<?xml version="1.0" encoding="UTF-8"?>
<!-- Generated by org.testng.reporters.JUnitReportReporter -->
<testsuite hostname="LAPTOP-9AGJIQ9K" failures="0" tests="2" name="com.myelth.tests.AboutUsPageTest" time="59.787" errors="0" timestamp="2022-09-27T19:50:30 IST" skipped="0">
  <testcase classname="com.myelth.tests.AboutUsPageTest" name="aboutUsTitleTest" time="22.542"/>
  <system-out/>
  <testcase classname="com.myelth.tests.AboutUsPageTest" name="individualProfileTest" time="37.245"/>
  <system-out/>
</testsuite> <!-- com.myelth.tests.AboutUsPageTest -->
