<?xml version="1.0" encoding="UTF-8"?>
<!-- Generated by org.testng.reporters.JUnitReportReporter -->
<testsuite hostname="LAPTOP-9AGJIQ9K" failures="0" tests="3" name="com.myelth.tests.ProviderPageTest" time="123.905" errors="0" timestamp="2022-09-27T19:50:31 IST" skipped="0">
  <testcase classname="com.myelth.tests.ProviderPageTest" name="providerTitleTest" time="20.701"/>
  <system-out/>
  <testcase classname="com.myelth.tests.ProviderPageTest" name="contactUsButtonDisplayTest" time="18.323"/>
  <system-out/>
  <testcase classname="com.myelth.tests.ProviderPageTest" name="contactUsButtonFunctionalityTest" time="84.881"/>
  <system-out/>
</testsuite> <!-- com.myelth.tests.ProviderPageTest -->
