<?xml version="1.0" encoding="UTF-8"?>
<!-- Generated by org.testng.reporters.JUnitReportReporter -->
<testsuite hostname="LAPTOP-9AGJIQ9K" failures="0" tests="3" name="com.myelth.tests.Footer_HomePageTest" time="90.651" errors="0" timestamp="2022-09-27T19:50:31 IST" skipped="0">
  <testcase classname="com.myelth.tests.Footer_HomePageTest" name="contactUsButtonFunctionalityTest" time="36.343"/>
  <system-out/>
  <testcase classname="com.myelth.tests.Footer_HomePageTest" name="footerHomeTitleTest" time="36.295"/>
  <system-out/>
  <testcase classname="com.myelth.tests.Footer_HomePageTest" name="contactUsButtonDisplayTest" time="18.013"/>
  <system-out/>
</testsuite> <!-- com.myelth.tests.Footer_HomePageTest -->
