<?xml version="1.0" encoding="UTF-8"?>
<!-- Generated by org.testng.reporters.JUnitReportReporter -->
<testsuite hostname="LAPTOP-9AGJIQ9K" failures="0" tests="3" name="com.myelth.tests.Payers" time="72.793" errors="0" timestamp="2022-09-23T11:37:55 IST" skipped="0">
  <testcase classname="com.myelth.tests.Payers" name="contactUsButtonFucntionalityTest" time="34.093"/>
  <system-out/>
  <testcase classname="com.myelth.tests.Payers" name="payerTitleTest" time="20.775"/>
  <system-out/>
  <testcase classname="com.myelth.tests.Payers" name="contactUsButtonDisplayTest" time="17.925"/>
  <system-out/>
</testsuite> <!-- com.myelth.tests.Payers -->
