<?xml version="1.0" encoding="UTF-8"?>
<!-- Generated by org.testng.reporters.JUnitReportReporter -->
<testsuite hostname="LAPTOP-9AGJIQ9K" failures="0" tests="3" name="com.myelth.tests.Footer_Home" time="90.138" errors="0" timestamp="2022-09-23T11:58:40 IST" skipped="0">
  <testcase classname="com.myelth.tests.Footer_Home" name="contactUsButtonFunctionalityTest" time="36.596"/>
  <system-out/>
  <testcase classname="com.myelth.tests.Footer_Home" name="footerHomeTitleTest" time="35.374"/>
  <system-out/>
  <testcase classname="com.myelth.tests.Footer_Home" name="contactUsButtonDisplayTest" time="18.168"/>
  <system-out/>
</testsuite> <!-- com.myelth.tests.Footer_Home -->
