<?xml version="1.0" encoding="UTF-8"?>
<!-- Generated by org.testng.reporters.JUnitReportReporter -->
<testsuite hostname="LAPTOP-9AGJIQ9K" failures="0" tests="4" name="com.myelth.tests.FaqsPageTest" time="94.486" errors="0" timestamp="2022-09-27T19:50:31 IST" skipped="0">
  <testcase classname="com.myelth.tests.FaqsPageTest" name="contactUsButtonFunctionalityTest" time="34.133"/>
  <system-out/>
  <testcase classname="com.myelth.tests.FaqsPageTest" name="FaqsTitleTest" time="19.587"/>
  <system-out/>
  <testcase classname="com.myelth.tests.FaqsPageTest" name="contactUsButtonDisplayTest" time="20.463"/>
  <system-out/>
  <testcase classname="com.myelth.tests.FaqsPageTest" name="copyRightTest" time="20.303"/>
  <system-out/>
</testsuite> <!-- com.myelth.tests.FaqsPageTest -->
