<?xml version="1.0" encoding="UTF-8"?>
<!-- Generated by org.testng.reporters.JUnitReportReporter -->
<testsuite hostname="LAPTOP-9AGJIQ9K" failures="0" tests="3" name="com.myelth.tests.EmployerPageTest" time="76.412" errors="0" timestamp="2022-09-27T19:50:31 IST" skipped="0">
  <testcase classname="com.myelth.tests.EmployerPageTest" name="contactUsButtonTest" time="34.540"/>
  <system-out/>
  <testcase classname="com.myelth.tests.EmployerPageTest" name="employerTitleTest" time="21.484"/>
  <system-out/>
  <testcase classname="com.myelth.tests.EmployerPageTest" name="contactUsButtonDisplayTest" time="20.388"/>
  <system-out/>
</testsuite> <!-- com.myelth.tests.EmployerPageTest -->
