<?xml version="1.0" encoding="UTF-8"?>
<!-- Generated by org.testng.reporters.JUnitReportReporter -->
<testsuite hostname="LAPTOP-9AGJIQ9K" failures="0" tests="5" name="com.myelth.tests.PlatformPageTest" time="120.546" errors="0" timestamp="2022-09-27T19:50:30 IST" skipped="0">
  <testcase classname="com.myelth.tests.PlatformPageTest" name="contactUsButtonFunctionalityTest" time="34.573"/>
  <system-out/>
  <testcase classname="com.myelth.tests.PlatformPageTest" name="platformPageTitle" time="24.062"/>
  <system-out/>
  <testcase classname="com.myelth.tests.PlatformPageTest" name="platformVideoTest" time="17.941"/>
  <system-out/>
  <testcase classname="com.myelth.tests.PlatformPageTest" name="platformVideoFunctionalityTest" time="26.030"/>
  <system-out/>
  <testcase classname="com.myelth.tests.PlatformPageTest" name="contactUsButtonDisplayTest" time="17.940"/>
  <system-out/>
</testsuite> <!-- com.myelth.tests.PlatformPageTest -->
