<?xml version="1.0" encoding="UTF-8"?>
<!-- Generated by org.testng.reporters.JUnitReportReporter -->
<testsuite hostname="LAPTOP-9AGJIQ9K" failures="0" tests="4" name="com.myelth.tests.BlogPageTest" time="103.329" errors="0" timestamp="2022-09-27T19:50:31 IST" skipped="0">
  <testcase classname="com.myelth.tests.BlogPageTest" name="readMoreBtnTest3" time="26.057"/>
  <system-out/>
  <testcase classname="com.myelth.tests.BlogPageTest" name="blogTitleTest" time="20.028"/>
  <system-out/>
  <testcase classname="com.myelth.tests.BlogPageTest" name="readMoreBtnTest2" time="33.361"/>
  <system-out/>
  <testcase classname="com.myelth.tests.BlogPageTest" name="readMoreBtnTest1" time="23.883"/>
  <system-out/>
</testsuite> <!-- com.myelth.tests.BlogPageTest -->
