<?xml version="1.0" encoding="UTF-8"?>
<!-- Generated by org.testng.reporters.JUnitReportReporter -->
<testsuite hostname="LAPTOP-9AGJIQ9K" failures="0" tests="3" name="com.myelth.tests.PayersPageTest" time="79.561" errors="0" timestamp="2022-09-27T19:50:31 IST" skipped="0">
  <testcase classname="com.myelth.tests.PayersPageTest" name="contactUsButtonFucntionalityTest" time="36.152"/>
  <system-out/>
  <testcase classname="com.myelth.tests.PayersPageTest" name="payerTitleTest" time="23.492"/>
  <system-out/>
  <testcase classname="com.myelth.tests.PayersPageTest" name="contactUsButtonDisplayTest" time="19.917"/>
  <system-out/>
</testsuite> <!-- com.myelth.tests.PayersPageTest -->
